<?xml version="1.0" encoding="UTF-8"?>
<!-- Generated by org.testng.reporters.JUnitReportReporter -->
<testsuite hostname="Mithuns-MacBook-Air.local" failures="0" tests="1" name="script.ValidLogin" time="42.110" errors="0" timestamp="2023-06-26T19:54:40 IST" skipped="0">
  <testcase classname="script.ValidLogin" name="testValidLogin" time="42.110">
    <system-out>
      <![CDATA[Home Page is Displayed]]>
    </system-out>
  </testcase> <!-- testValidLogin -->
  <system-out>
    <![CDATA[Home Page is Displayed]]>
  </system-out>
</testsuite> <!-- script.ValidLogin -->
